<?xml version="1.0" encoding="UTF-8"?>
<testng-results skipped="0" failed="1" total="3" passed="2">
  <reporter-output>
  </reporter-output>
  <suite name="Default suite" duration-ms="26408" started-at="2018-08-07T05:59:53Z" finished-at="2018-08-07T06:00:20Z">
    <groups>
    </groups>
    <test name="Default test" duration-ms="26408" started-at="2018-08-07T05:59:53Z" finished-at="2018-08-07T06:00:20Z">
      <class name="com.ingecno.MysteryShoppers.TNglistener.ReportsTestCases">
        <test-method status="PASS" signature="loadConfigFiles()[pri:0, instance:com.ingecno.MysteryShoppers.TNglistener.ReportsTestCases@c4c815]" name="loadConfigFiles" is-config="true" duration-ms="29" started-at="2018-08-07T11:29:53Z" finished-at="2018-08-07T11:29:53Z">
          <reporter-output>
          </reporter-output>
        </test-method> <!-- loadConfigFiles -->
        <test-method status="PASS" signature="browsersetup()[pri:0, instance:com.ingecno.MysteryShoppers.TNglistener.ReportsTestCases@c4c815]" name="browsersetup" is-config="true" duration-ms="18482" started-at="2018-08-07T11:29:53Z" finished-at="2018-08-07T11:30:12Z">
          <reporter-output>
          </reporter-output>
        </test-method> <!-- browsersetup -->
        <test-method status="PASS" signature="EnterCredential()[pri:1, instance:com.ingecno.MysteryShoppers.TNglistener.ReportsTestCases@c4c815]" name="EnterCredential" duration-ms="3826" started-at="2018-08-07T11:30:12Z" finished-at="2018-08-07T11:30:16Z">
          <reporter-output>
          </reporter-output>
        </test-method> <!-- EnterCredential -->
        <test-method status="PASS" signature="getResult(org.testng.ITestResult)[pri:0, instance:com.ingecno.MysteryShoppers.TNglistener.ReportsTestCases@c4c815]" name="getResult" is-config="true" duration-ms="1473" started-at="2018-08-07T11:30:16Z" finished-at="2018-08-07T11:30:17Z">
          <params>
            <param index="0">
              <value>
                <![CDATA[[TestResult name=EnterCredential status=SUCCESS method=ReportsTestCases.EnterCredential()[pri:1, instance:com.ingecno.MysteryShoppers.TNglistener.ReportsTestCases@c4c815] output={null}]]]>
              </value>
            </param>
          </params>
          <reporter-output>
          </reporter-output>
        </test-method> <!-- getResult -->
        <test-method status="PASS" signature="ReportsMenu()[pri:2, instance:com.ingecno.MysteryShoppers.TNglistener.ReportsTestCases@c4c815]" name="ReportsMenu" duration-ms="54" started-at="2018-08-07T11:30:17Z" finished-at="2018-08-07T11:30:17Z">
          <reporter-output>
          </reporter-output>
        </test-method> <!-- ReportsMenu -->
        <test-method status="PASS" signature="getResult(org.testng.ITestResult)[pri:0, instance:com.ingecno.MysteryShoppers.TNglistener.ReportsTestCases@c4c815]" name="getResult" is-config="true" duration-ms="0" started-at="2018-08-07T11:30:17Z" finished-at="2018-08-07T11:30:17Z">
          <params>
            <param index="0">
              <value>
                <![CDATA[[TestResult name=ReportsMenu status=SUCCESS method=ReportsTestCases.ReportsMenu()[pri:2, instance:com.ingecno.MysteryShoppers.TNglistener.ReportsTestCases@c4c815] output={null}]]]>
              </value>
            </param>
          </params>
          <reporter-output>
          </reporter-output>
        </test-method> <!-- getResult -->
        <test-method status="FAIL" signature="ReportsMenuMouseOver()[pri:3, instance:com.ingecno.MysteryShoppers.TNglistener.ReportsTestCases@c4c815]" name="ReportsMenuMouseOver" duration-ms="69" started-at="2018-08-07T11:30:17Z" finished-at="2018-08-07T11:30:17Z">
          <exception class="java.lang.AssertionError">
            <message>
              <![CDATA[expected [FEEDBACKSSS] but found [FEEDBACKS]]]>
            </message>
            <full-stacktrace>
              <![CDATA[java.lang.AssertionError: expected [FEEDBACKSSS] but found [FEEDBACKS]
	at org.testng.Assert.fail(Assert.java:94)
	at org.testng.Assert.failNotEquals(Assert.java:496)
	at org.testng.Assert.assertEquals(Assert.java:125)
	at org.testng.Assert.assertEquals(Assert.java:178)
	at org.testng.Assert.assertEquals(Assert.java:188)
	at com.ingecno.MysteryShoppers.TNglistener.ReportsTestCases.ReportsMenuMouseOver(ReportsTestCases.java:40)
	at sun.reflect.NativeMethodAccessorImpl.invoke0(Native Method)
	at sun.reflect.NativeMethodAccessorImpl.invoke(NativeMethodAccessorImpl.java:62)
	at sun.reflect.DelegatingMethodAccessorImpl.invoke(DelegatingMethodAccessorImpl.java:43)
	at java.lang.reflect.Method.invoke(Method.java:498)
	at org.testng.internal.MethodInvocationHelper.invokeMethod(MethodInvocationHelper.java:85)
	at org.testng.internal.Invoker.invokeMethod(Invoker.java:639)
	at org.testng.internal.Invoker.invokeTestMethod(Invoker.java:816)
	at org.testng.internal.Invoker.invokeTestMethods(Invoker.java:1124)
	at org.testng.internal.TestMethodWorker.invokeTestMethods(TestMethodWorker.java:125)
	at org.testng.internal.TestMethodWorker.run(TestMethodWorker.java:108)
	at org.testng.TestRunner.privateRun(TestRunner.java:774)
	at org.testng.TestRunner.run(TestRunner.java:624)
	at org.testng.SuiteRunner.runTest(SuiteRunner.java:359)
	at org.testng.SuiteRunner.runSequentially(SuiteRunner.java:354)
	at org.testng.SuiteRunner.privateRun(SuiteRunner.java:312)
	at org.testng.SuiteRunner.run(SuiteRunner.java:261)
	at org.testng.SuiteRunnerWorker.runSuite(SuiteRunnerWorker.java:52)
	at org.testng.SuiteRunnerWorker.run(SuiteRunnerWorker.java:86)
	at org.testng.TestNG.runSuitesSequentially(TestNG.java:1215)
	at org.testng.TestNG.runSuitesLocally(TestNG.java:1140)
	at org.testng.TestNG.run(TestNG.java:1048)
	at org.testng.remote.AbstractRemoteTestNG.run(AbstractRemoteTestNG.java:114)
	at org.testng.remote.RemoteTestNG.initAndRun(RemoteTestNG.java:251)
	at org.testng.remote.RemoteTestNG.main(RemoteTestNG.java:77)
]]>
            </full-stacktrace>
          </exception> <!-- java.lang.AssertionError -->
          <reporter-output>
          </reporter-output>
        </test-method> <!-- ReportsMenuMouseOver -->
        <test-method status="PASS" signature="getResult(org.testng.ITestResult)[pri:0, instance:com.ingecno.MysteryShoppers.TNglistener.ReportsTestCases@c4c815]" name="getResult" is-config="true" duration-ms="1479" started-at="2018-08-07T11:30:17Z" finished-at="2018-08-07T11:30:19Z">
          <params>
            <param index="0">
              <value>
                <![CDATA[[TestResult name=ReportsMenuMouseOver status=FAILURE method=ReportsTestCases.ReportsMenuMouseOver()[pri:3, instance:com.ingecno.MysteryShoppers.TNglistener.ReportsTestCases@c4c815] output={null}]]]>
              </value>
            </param>
          </params>
          <reporter-output>
          </reporter-output>
        </test-method> <!-- getResult -->
        <test-method status="PASS" signature="endReport()[pri:0, instance:com.ingecno.MysteryShoppers.TNglistener.ReportsTestCases@c4c815]" name="endReport" is-config="true" duration-ms="785" started-at="2018-08-07T11:30:19Z" finished-at="2018-08-07T11:30:20Z">
          <reporter-output>
          </reporter-output>
        </test-method> <!-- endReport -->
        <test-method status="PASS" signature="browserSetup()[pri:0, instance:com.ingecno.MysteryShoppers.TNglistener.ReportsTestCases@c4c815]" name="browserSetup" is-config="true" duration-ms="91" started-at="2018-08-07T11:30:20Z" finished-at="2018-08-07T11:30:20Z">
          <reporter-output>
          </reporter-output>
        </test-method> <!-- browserSetup -->
      </class> <!-- com.ingecno.MysteryShoppers.TNglistener.ReportsTestCases -->
    </test> <!-- Default test -->
  </suite> <!-- Default suite -->
</testng-results>
